#
# There is insufficient memory for the Java Runtime Environment to continue.
# Native memory allocation (malloc) failed to allocate 32744 bytes for Chunk::new
# Possible reasons:
#   The system is out of physical RAM or swap space
#   The process is running with CompressedOops enabled, and the Java Heap may be blocking the growth of the native heap
# Possible solutions:
#   Reduce memory load on the system
#   Increase physical memory or swap space
#   Check if swap backing store is full
#   Decrease Java heap size (-Xmx/-Xms)
#   Decrease number of Java threads
#   Decrease Java thread stack sizes (-Xss)
#   Set larger code cache with -XX:ReservedCodeCacheSize=
#   JVM is running with Unscaled Compressed Oops mode in which the Java heap is
#     placed in the first 4GB address space. The Java Heap base address is the
#     maximum limit for the native heap growth. Please use -XX:HeapBaseMinAddress
#     to set the Java Heap base and to place the Java Heap above 4GB virtual address.
# This output file may be truncated or incomplete.
#
#  Out of Memory Error (arena.cpp:168), pid=11716, tid=764
#
# JRE version: Java(TM) SE Runtime Environment (21.0.5+9) (build 21.0.5+9-LTS-239)
# Java VM: Java HotSpot(TM) 64-Bit Server VM (21.0.5+9-LTS-239, mixed mode, sharing, tiered, compressed oops, compressed class ptrs, g1 gc, windows-amd64)
# No core dump will be written. Minidumps are not enabled by default on client versions of Windows
#

---------------  S U M M A R Y ------------

Command Line: --add-opens=java.base/java.lang=ALL-UNNAMED --add-opens=java.base/java.lang.invoke=ALL-UNNAMED --add-opens=java.base/java.util=ALL-UNNAMED --add-opens=java.prefs/java.util.prefs=ALL-UNNAMED --add-exports=jdk.compiler/com.sun.tools.javac.api=ALL-UNNAMED --add-exports=jdk.compiler/com.sun.tools.javac.util=ALL-UNNAMED --add-opens=java.base/java.util=ALL-UNNAMED --add-opens=java.prefs/java.util.prefs=ALL-UNNAMED --add-opens=java.base/java.nio.charset=ALL-UNNAMED --add-opens=java.base/java.net=ALL-UNNAMED --add-opens=java.base/java.util.concurrent.atomic=ALL-UNNAMED --add-opens=java.xml/javax.xml.namespace=ALL-UNNAMED -XX:MaxMetaspaceSize=512m -Xmx2048m -Dfile.encoding=UTF-8 -Duser.country=CM -Duser.language=fr -Duser.variant -javaagent:C:\Users\Nestor Corneille\.gradle\wrapper\dists\gradle-8.13-bin\5xuhj0ry160q40clulazy9h7d\gradle-8.13\lib\agents\gradle-instrumentation-agent-8.13.jar org.gradle.launcher.daemon.bootstrap.GradleDaemon 8.13

Host: Intel(R) Core(TM) i7-6600U CPU @ 2.60GHz, 4 cores, 7G,  Windows 11 , 64 bit Build 22621 (10.0.22621.3958)
Time: Sun May 25 10:54:28 2025 Afr. centrale Ouest elapsed time: 20.783339 seconds (0d 0h 0m 20s)

---------------  T H R E A D  ---------------

Current thread (0x0000017e3e331500):  JavaThread "C2 CompilerThread0" daemon [_thread_in_native, id=764, stack(0x0000007309300000,0x0000007309400000) (1024K)]


Current CompileTask:
C2:  20783 6211   !   4       java.net.URLClassLoader::findClass (47 bytes)

Stack: [0x0000007309300000,0x0000007309400000]
Native frames: (J=compiled Java code, j=interpreted, Vv=VM code, C=native code)
V  [jvm.dll+0x6ca289]
V  [jvm.dll+0x854a51]
V  [jvm.dll+0x856f7e]
V  [jvm.dll+0x857653]
V  [jvm.dll+0x27dd26]
V  [jvm.dll+0xc4c2d]
V  [jvm.dll+0xc5163]
V  [jvm.dll+0x659e1e]
V  [jvm.dll+0x65b5ff]
V  [jvm.dll+0x65995d]
V  [jvm.dll+0x246795]
V  [jvm.dll+0x245eef]
V  [jvm.dll+0x1c6d0e]
V  [jvm.dll+0x2554d9]
V  [jvm.dll+0x253a6a]
V  [jvm.dll+0x3ee136]
V  [jvm.dll+0x7fee9b]
V  [jvm.dll+0x6c896d]
C  [ucrtbase.dll+0x29333]
C  [KERNEL32.DLL+0x1257d]
C  [ntdll.dll+0x5af08]


---------------  P R O C E S S  ---------------

Threads class SMR info:
_java_thread_list=0x0000017e5e400620, length=42, elements={
0x0000017e20167790, 0x0000017e3e314bf0, 0x0000017e3e315740, 0x0000017e3e316ab0,
0x0000017e3e319970, 0x0000017e3e31a3c0, 0x0000017e3e31cf90, 0x0000017e3e331500,
0x0000017e3e333bb0, 0x0000017e3e551c30, 0x0000017e3e552950, 0x0000017e3e550f10,
0x0000017e3e552fe0, 0x0000017e3e554390, 0x0000017e3e553d00, 0x0000017e3e5515a0,
0x0000017e3e5522c0, 0x0000017e5f9e7930, 0x0000017e5f9e3100, 0x0000017e5f9e7fc0,
0x0000017e5f9e1030, 0x0000017e5f9e3790, 0x0000017e5f9e3e20, 0x0000017e5f9e44b0,
0x0000017e5f9e8650, 0x0000017e5f9e16c0, 0x0000017e5f9e6c10, 0x0000017e5f9e1d50,
0x0000017e5f9e23e0, 0x0000017e5f9e51d0, 0x0000017e5f9e6580, 0x0000017e5f9e4b40,
0x0000017e5f9e5ef0, 0x0000017e5f9e72a0, 0x0000017e6023cb00, 0x0000017e6023d190,
0x0000017e6023d820, 0x0000017e6023deb0, 0x0000017e60238960, 0x0000017e60239d10,
0x0000017e6023a3a0, 0x0000017e6023e540
}

Java Threads: ( => current thread )
  0x0000017e20167790 JavaThread "main"                              [_thread_blocked, id=13208, stack(0x0000007308500000,0x0000007308600000) (1024K)]
  0x0000017e3e314bf0 JavaThread "Reference Handler"          daemon [_thread_blocked, id=3160, stack(0x0000007308d00000,0x0000007308e00000) (1024K)]
  0x0000017e3e315740 JavaThread "Finalizer"                  daemon [_thread_blocked, id=11728, stack(0x0000007308e00000,0x0000007308f00000) (1024K)]
  0x0000017e3e316ab0 JavaThread "Signal Dispatcher"          daemon [_thread_blocked, id=12588, stack(0x0000007308f00000,0x0000007309000000) (1024K)]
  0x0000017e3e319970 JavaThread "Attach Listener"            daemon [_thread_blocked, id=11696, stack(0x0000007309000000,0x0000007309100000) (1024K)]
  0x0000017e3e31a3c0 JavaThread "Service Thread"             daemon [_thread_blocked, id=8424, stack(0x0000007309100000,0x0000007309200000) (1024K)]
  0x0000017e3e31cf90 JavaThread "Monitor Deflation Thread"   daemon [_thread_blocked, id=12904, stack(0x0000007309200000,0x0000007309300000) (1024K)]
=>0x0000017e3e331500 JavaThread "C2 CompilerThread0"         daemon [_thread_in_native, id=764, stack(0x0000007309300000,0x0000007309400000) (1024K)]
  0x0000017e3e333bb0 JavaThread "C1 CompilerThread0"         daemon [_thread_in_native, id=11500, stack(0x0000007309400000,0x0000007309500000) (1024K)]
  0x0000017e3e551c30 JavaThread "Common-Cleaner"             daemon [_thread_blocked, id=2432, stack(0x0000007309500000,0x0000007309600000) (1024K)]
  0x0000017e3e552950 JavaThread "Notification Thread"        daemon [_thread_blocked, id=2164, stack(0x0000007309600000,0x0000007309700000) (1024K)]
  0x0000017e3e550f10 JavaThread "Daemon health stats"               [_thread_blocked, id=9184, stack(0x0000007309b00000,0x0000007309c00000) (1024K)]
  0x0000017e3e552fe0 JavaThread "Incoming local TCP Connector on port 50509"        [_thread_in_native, id=5832, stack(0x0000007309c00000,0x0000007309d00000) (1024K)]
  0x0000017e3e554390 JavaThread "Daemon periodic checks"            [_thread_blocked, id=9072, stack(0x0000007309d00000,0x0000007309e00000) (1024K)]
  0x0000017e3e553d00 JavaThread "Daemon"                            [_thread_blocked, id=12676, stack(0x0000007309e00000,0x0000007309f00000) (1024K)]
  0x0000017e3e5515a0 JavaThread "Handler for socket connection from /127.0.0.1:50509 to /127.0.0.1:50510"        [_thread_in_native, id=8536, stack(0x0000007309f00000,0x000000730a000000) (1024K)]
  0x0000017e3e5522c0 JavaThread "Cancel handler"                    [_thread_blocked, id=12772, stack(0x000000730a000000,0x000000730a100000) (1024K)]
  0x0000017e5f9e7930 JavaThread "Daemon worker"                     [_thread_in_vm, id=2180, stack(0x000000730a100000,0x000000730a200000) (1024K)]
  0x0000017e5f9e3100 JavaThread "Asynchronous log dispatcher for DefaultDaemonConnection: socket connection from /127.0.0.1:50509 to /127.0.0.1:50510"        [_thread_blocked, id=5044, stack(0x000000730a200000,0x000000730a300000) (1024K)]
  0x0000017e5f9e7fc0 JavaThread "Stdin handler"                     [_thread_blocked, id=1228, stack(0x000000730a300000,0x000000730a400000) (1024K)]
  0x0000017e5f9e1030 JavaThread "Daemon client event forwarder"        [_thread_blocked, id=1868, stack(0x000000730a400000,0x000000730a500000) (1024K)]
  0x0000017e5f9e3790 JavaThread "Cache worker for journal cache (C:\Users\Nestor Corneille\.gradle\caches\journal-1)"        [_thread_blocked, id=12720, stack(0x000000730a500000,0x000000730a600000) (1024K)]
  0x0000017e5f9e3e20 JavaThread "File lock request listener"        [_thread_in_native, id=13104, stack(0x000000730a600000,0x000000730a700000) (1024K)]
  0x0000017e5f9e44b0 JavaThread "Cache worker for file hash cache (C:\Users\Nestor Corneille\.gradle\caches\8.13\fileHashes)"        [_thread_blocked, id=6352, stack(0x000000730a700000,0x000000730a800000) (1024K)]
  0x0000017e5f9e8650 JavaThread "Cache worker for file hash cache (C:\Users\Nestor Corneille\Downloads\market-main\market-main\android\.gradle\8.13\fileHashes)"        [_thread_blocked, id=1176, stack(0x000000730a800000,0x000000730a900000) (1024K)]
  0x0000017e5f9e16c0 JavaThread "Cache worker for Build Output Cleanup Cache (C:\Users\Nestor Corneille\Downloads\market-main\market-main\android\.gradle\buildOutputCleanup)"        [_thread_blocked, id=7612, stack(0x000000730a900000,0x000000730aa00000) (1024K)]
  0x0000017e5f9e6c10 JavaThread "File watcher server"        daemon [_thread_in_native, id=5004, stack(0x000000730aa00000,0x000000730ab00000) (1024K)]
  0x0000017e5f9e1d50 JavaThread "File watcher consumer"      daemon [_thread_blocked, id=1004, stack(0x000000730ab00000,0x000000730ac00000) (1024K)]
  0x0000017e5f9e23e0 JavaThread "jar transforms"                    [_thread_blocked, id=3668, stack(0x000000730ac00000,0x000000730ad00000) (1024K)]
  0x0000017e5f9e51d0 JavaThread "jar transforms Thread 2"           [_thread_blocked, id=13300, stack(0x000000730ad00000,0x000000730ae00000) (1024K)]
  0x0000017e5f9e6580 JavaThread "Cache worker for checksums cache (C:\Users\Nestor Corneille\Downloads\market-main\market-main\android\.gradle\8.13\checksums)"        [_thread_blocked, id=12792, stack(0x000000730ae00000,0x000000730af00000) (1024K)]
  0x0000017e5f9e4b40 JavaThread "Cache worker for file content cache (C:\Users\Nestor Corneille\.gradle\caches\8.13\fileContent)"        [_thread_blocked, id=2628, stack(0x000000730af00000,0x000000730b000000) (1024K)]
  0x0000017e5f9e5ef0 JavaThread "jar transforms Thread 3"           [_thread_blocked, id=12844, stack(0x000000730b000000,0x000000730b100000) (1024K)]
  0x0000017e5f9e72a0 JavaThread "Cache worker for cache directory md-supplier (C:\Users\Nestor Corneille\.gradle\caches\8.13\md-supplier)"        [_thread_blocked, id=12336, stack(0x000000730b100000,0x000000730b200000) (1024K)]
  0x0000017e6023cb00 JavaThread "Cache worker for cache directory md-rule (C:\Users\Nestor Corneille\.gradle\caches\8.13\md-rule)"        [_thread_blocked, id=12988, stack(0x000000730b200000,0x000000730b300000) (1024K)]
  0x0000017e6023d190 JavaThread "Cache worker for Build Output Cleanup Cache (C:\Users\Nestor Corneille\Downloads\market-main\market-main\node_modules\@react-native\gradle-plugin\.gradle\buildOutputCleanup)"        [_thread_blocked, id=6252, stack(0x000000730b300000,0x000000730b400000) (1024K)]
  0x0000017e6023d820 JavaThread "Unconstrained build operations"        [_thread_blocked, id=2392, stack(0x0000007309900000,0x0000007309a00000) (1024K)]
  0x0000017e6023deb0 JavaThread "Unconstrained build operations Thread 2"        [_thread_blocked, id=12692, stack(0x000000730b400000,0x000000730b500000) (1024K)]
  0x0000017e60238960 JavaThread "Unconstrained build operations Thread 3"        [_thread_blocked, id=3824, stack(0x000000730b500000,0x000000730b600000) (1024K)]
  0x0000017e60239d10 JavaThread "Unconstrained build operations Thread 4"        [_thread_blocked, id=12564, stack(0x000000730b600000,0x000000730b700000) (1024K)]
  0x0000017e6023a3a0 JavaThread "Unconstrained build operations Thread 5"        [_thread_blocked, id=7460, stack(0x000000730b700000,0x000000730b800000) (1024K)]
  0x0000017e6023e540 JavaThread "Unconstrained build operations Thread 6"        [_thread_blocked, id=13016, stack(0x000000730b800000,0x000000730b900000) (1024K)]
Total: 42

Other Threads:
  0x0000017e3e2f57e0 VMThread "VM Thread"                           [id=10068, stack(0x0000007308c00000,0x0000007308d00000) (1024K)]
  0x0000017e3e2e5410 WatcherThread "VM Periodic Task Thread"        [id=12548, stack(0x0000007308b00000,0x0000007308c00000) (1024K)]
  0x0000017e202c7870 WorkerThread "GC Thread#0"                     [id=1040, stack(0x0000007308600000,0x0000007308700000) (1024K)]
  0x0000017e3e6cdd80 WorkerThread "GC Thread#1"                     [id=3248, stack(0x0000007309700000,0x0000007309800000) (1024K)]
  0x0000017e3e6ce120 WorkerThread "GC Thread#2"                     [id=12848, stack(0x0000007309800000,0x0000007309900000) (1024K)]
  0x0000017e5e2f6690 WorkerThread "GC Thread#3"                     [id=4660, stack(0x0000007309a00000,0x0000007309b00000) (1024K)]
  0x0000017e2022eaa0 ConcurrentGCThread "G1 Main Marker"            [id=10484, stack(0x0000007308700000,0x0000007308800000) (1024K)]
  0x0000017e202d8ac0 WorkerThread "G1 Conc#0"                       [id=12248, stack(0x0000007308800000,0x0000007308900000) (1024K)]
  0x0000017e2032e920 ConcurrentGCThread "G1 Refine#0"               [id=12520, stack(0x0000007308900000,0x0000007308a00000) (1024K)]
  0x0000017e3e1a68e0 ConcurrentGCThread "G1 Service"                [id=11624, stack(0x0000007308a00000,0x0000007308b00000) (1024K)]
Total: 10

Threads with active compile tasks:
C2 CompilerThread0    20857 6211   !   4       java.net.URLClassLoader::findClass (47 bytes)
C1 CompilerThread0    20857 6250       3       org.objectweb.asm.ClassReader::readCode (5117 bytes)
Total: 2

VM state: not at safepoint (normal execution)

VM Mutex/Monitor currently owned by a thread: None

Heap address: 0x0000000080000000, size: 2048 MB, Compressed Oops mode: 32-bit

CDS archive(s) mapped at: [0x0000017e3f000000-0x0000017e3fc90000-0x0000017e3fc90000), size 13172736, SharedBaseAddress: 0x0000017e3f000000, ArchiveRelocationMode: 1.
Compressed class space mapped at: 0x0000017e40000000-0x0000017e5a000000, reserved size: 436207616
Narrow klass base: 0x0000017e3f000000, Narrow klass shift: 0, Narrow klass range: 0x100000000

GC Precious Log:
 CardTable entry size: 512
 Card Set container configuration: InlinePtr #cards 5 size 8 Array Of Cards #cards 12 size 40 Howl #buckets 4 coarsen threshold 1843 Howl Bitmap #cards 512 size 80 coarsen threshold 460 Card regions per heap region 1 cards per card region 2048
 CPUs: 4 total, 4 available
 Memory: 8083M
 Large Page Support: Disabled
 NUMA Support: Disabled
 Compressed Oops: Enabled (32-bit)
 Heap Region Size: 1M
 Heap Min Capacity: 8M
 Heap Initial Capacity: 128M
 Heap Max Capacity: 2G
 Pre-touch: Disabled
 Parallel Workers: 4
 Concurrent Workers: 1
 Concurrent Refinement Workers: 4
 Periodic GC: Disabled

Heap:
 garbage-first heap   total 89088K, used 55285K [0x0000000080000000, 0x0000000100000000)
  region size 1024K, 18 young (18432K), 5 survivors (5120K)
 Metaspace       used 56556K, committed 58368K, reserved 491520K
  class space    used 8000K, committed 8896K, reserved 425984K

Heap Regions: E=young(eden), S=young(survivor), O=old, HS=humongous(starts), HC=humongous(continues), CS=collection set, F=free, TAMS=top-at-mark-start, PB=parsable bottom
|   0|0x0000000080000000, 0x0000000080100000, 0x0000000080100000|100%|HS|  |TAMS 0x0000000080000000| PB 0x0000000080000000| Complete 
|   1|0x0000000080100000, 0x0000000080200000, 0x0000000080200000|100%|HC|  |TAMS 0x0000000080100000| PB 0x0000000080100000| Complete 
|   2|0x0000000080200000, 0x0000000080300000, 0x0000000080300000|100%|HC|  |TAMS 0x0000000080200000| PB 0x0000000080200000| Complete 
|   3|0x0000000080300000, 0x0000000080400000, 0x0000000080400000|100%| O|  |TAMS 0x0000000080300000| PB 0x0000000080300000| Untracked 
|   4|0x0000000080400000, 0x0000000080500000, 0x0000000080500000|100%| O|  |TAMS 0x0000000080400000| PB 0x0000000080400000| Untracked 
|   5|0x0000000080500000, 0x0000000080600000, 0x0000000080600000|100%| O|  |TAMS 0x0000000080500000| PB 0x0000000080500000| Untracked 
|   6|0x0000000080600000, 0x0000000080700000, 0x0000000080700000|100%| O|  |TAMS 0x0000000080600000| PB 0x0000000080600000| Untracked 
|   7|0x0000000080700000, 0x0000000080800000, 0x0000000080800000|100%|HS|  |TAMS 0x0000000080700000| PB 0x0000000080700000| Complete 
|   8|0x0000000080800000, 0x0000000080900000, 0x0000000080900000|100%| O|  |TAMS 0x0000000080800000| PB 0x0000000080800000| Untracked 
|   9|0x0000000080900000, 0x0000000080a00000, 0x0000000080a00000|100%| O|  |TAMS 0x0000000080900000| PB 0x0000000080900000| Untracked 
|  10|0x0000000080a00000, 0x0000000080b00000, 0x0000000080b00000|100%| O|  |TAMS 0x0000000080a00000| PB 0x0000000080a00000| Untracked 
|  11|0x0000000080b00000, 0x0000000080c00000, 0x0000000080c00000|100%| O|  |TAMS 0x0000000080b00000| PB 0x0000000080b00000| Untracked 
|  12|0x0000000080c00000, 0x0000000080d00000, 0x0000000080d00000|100%| O|  |TAMS 0x0000000080c00000| PB 0x0000000080c00000| Untracked 
|  13|0x0000000080d00000, 0x0000000080e00000, 0x0000000080e00000|100%| O|  |TAMS 0x0000000080d00000| PB 0x0000000080d00000| Untracked 
|  14|0x0000000080e00000, 0x0000000080f00000, 0x0000000080f00000|100%| O|  |TAMS 0x0000000080e00000| PB 0x0000000080e00000| Untracked 
|  15|0x0000000080f00000, 0x0000000081000000, 0x0000000081000000|100%| O|  |TAMS 0x0000000080f00000| PB 0x0000000080f00000| Untracked 
|  16|0x0000000081000000, 0x0000000081100000, 0x0000000081100000|100%| O|  |TAMS 0x0000000081000000| PB 0x0000000081000000| Untracked 
|  17|0x0000000081100000, 0x0000000081200000, 0x0000000081200000|100%| O|  |TAMS 0x0000000081100000| PB 0x0000000081100000| Untracked 
|  18|0x0000000081200000, 0x0000000081300000, 0x0000000081300000|100%| O|  |TAMS 0x0000000081200000| PB 0x0000000081200000| Untracked 
|  19|0x0000000081300000, 0x0000000081400000, 0x0000000081400000|100%| O|  |TAMS 0x0000000081300000| PB 0x0000000081300000| Untracked 
|  20|0x0000000081400000, 0x0000000081500000, 0x0000000081500000|100%| O|  |TAMS 0x0000000081400000| PB 0x0000000081400000| Untracked 
|  21|0x0000000081500000, 0x0000000081600000, 0x0000000081600000|100%| O|  |TAMS 0x0000000081500000| PB 0x0000000081500000| Untracked 
|  22|0x0000000081600000, 0x0000000081700000, 0x0000000081700000|100%| O|  |TAMS 0x0000000081600000| PB 0x0000000081600000| Untracked 
|  23|0x0000000081700000, 0x0000000081800000, 0x0000000081800000|100%| O|  |TAMS 0x0000000081700000| PB 0x0000000081700000| Untracked 
|  24|0x0000000081800000, 0x0000000081900000, 0x0000000081900000|100%| O|  |TAMS 0x0000000081800000| PB 0x0000000081800000| Untracked 
|  25|0x0000000081900000, 0x000000008199c680, 0x0000000081a00000| 61%| O|  |TAMS 0x0000000081900000| PB 0x0000000081900000| Untracked 
|  26|0x0000000081a00000, 0x0000000081b00000, 0x0000000081b00000|100%| O|  |TAMS 0x0000000081a00000| PB 0x0000000081a00000| Untracked 
|  27|0x0000000081b00000, 0x0000000081c00000, 0x0000000081c00000|100%| O|  |TAMS 0x0000000081b00000| PB 0x0000000081b00000| Untracked 
|  28|0x0000000081c00000, 0x0000000081d00000, 0x0000000081d00000|100%| O|  |TAMS 0x0000000081c00000| PB 0x0000000081c00000| Untracked 
|  29|0x0000000081d00000, 0x0000000081e00000, 0x0000000081e00000|100%| O|  |TAMS 0x0000000081d00000| PB 0x0000000081d00000| Untracked 
|  30|0x0000000081e00000, 0x0000000081f00000, 0x0000000081f00000|100%| O|  |TAMS 0x0000000081e00000| PB 0x0000000081e00000| Untracked 
|  31|0x0000000081f00000, 0x0000000082000000, 0x0000000082000000|100%| O|  |TAMS 0x0000000081f00000| PB 0x0000000081f00000| Untracked 
|  32|0x0000000082000000, 0x0000000082000000, 0x0000000082100000|  0%| F|  |TAMS 0x0000000082000000| PB 0x0000000082000000| Untracked 
|  33|0x0000000082100000, 0x0000000082200000, 0x0000000082200000|100%| O|  |TAMS 0x0000000082100000| PB 0x0000000082100000| Untracked 
|  34|0x0000000082200000, 0x0000000082300000, 0x0000000082300000|100%| O|  |TAMS 0x0000000082200000| PB 0x0000000082200000| Untracked 
|  35|0x0000000082300000, 0x0000000082300000, 0x0000000082400000|  0%| F|  |TAMS 0x0000000082300000| PB 0x0000000082300000| Untracked 
|  36|0x0000000082400000, 0x0000000082400000, 0x0000000082500000|  0%| F|  |TAMS 0x0000000082400000| PB 0x0000000082400000| Untracked 
|  37|0x0000000082500000, 0x0000000082500000, 0x0000000082600000|  0%| F|  |TAMS 0x0000000082500000| PB 0x0000000082500000| Untracked 
|  38|0x0000000082600000, 0x0000000082600000, 0x0000000082700000|  0%| F|  |TAMS 0x0000000082600000| PB 0x0000000082600000| Untracked 
|  39|0x0000000082700000, 0x0000000082800000, 0x0000000082800000|100%| O|  |TAMS 0x0000000082700000| PB 0x0000000082700000| Untracked 
|  40|0x0000000082800000, 0x0000000082900000, 0x0000000082900000|100%| O|  |TAMS 0x0000000082800000| PB 0x0000000082800000| Untracked 
|  41|0x0000000082900000, 0x0000000082a00000, 0x0000000082a00000|100%| O|  |TAMS 0x0000000082900000| PB 0x0000000082900000| Untracked 
|  42|0x0000000082a00000, 0x0000000082b00000, 0x0000000082b00000|100%| O|  |TAMS 0x0000000082a00000| PB 0x0000000082a00000| Untracked 
|  43|0x0000000082b00000, 0x0000000082b00000, 0x0000000082c00000|  0%| F|  |TAMS 0x0000000082b00000| PB 0x0000000082b00000| Untracked 
|  44|0x0000000082c00000, 0x0000000082c60ea0, 0x0000000082d00000| 37%| S|CS|TAMS 0x0000000082c00000| PB 0x0000000082c00000| Complete 
|  45|0x0000000082d00000, 0x0000000082e00000, 0x0000000082e00000|100%| S|CS|TAMS 0x0000000082d00000| PB 0x0000000082d00000| Complete 
|  46|0x0000000082e00000, 0x0000000082e00000, 0x0000000082f00000|  0%| F|  |TAMS 0x0000000082e00000| PB 0x0000000082e00000| Untracked 
|  47|0x0000000082f00000, 0x0000000083000000, 0x0000000083000000|100%| S|CS|TAMS 0x0000000082f00000| PB 0x0000000082f00000| Complete 
|  48|0x0000000083000000, 0x0000000083100000, 0x0000000083100000|100%| S|CS|TAMS 0x0000000083000000| PB 0x0000000083000000| Complete 
|  49|0x0000000083100000, 0x0000000083200000, 0x0000000083200000|100%| S|CS|TAMS 0x0000000083100000| PB 0x0000000083100000| Complete 
|  50|0x0000000083200000, 0x0000000083200000, 0x0000000083300000|  0%| F|  |TAMS 0x0000000083200000| PB 0x0000000083200000| Untracked 
|  51|0x0000000083300000, 0x0000000083300000, 0x0000000083400000|  0%| F|  |TAMS 0x0000000083300000| PB 0x0000000083300000| Untracked 
|  52|0x0000000083400000, 0x0000000083400000, 0x0000000083500000|  0%| F|  |TAMS 0x0000000083400000| PB 0x0000000083400000| Untracked 
|  53|0x0000000083500000, 0x0000000083500000, 0x0000000083600000|  0%| F|  |TAMS 0x0000000083500000| PB 0x0000000083500000| Untracked 
|  54|0x0000000083600000, 0x0000000083600000, 0x0000000083700000|  0%| F|  |TAMS 0x0000000083600000| PB 0x0000000083600000| Untracked 
|  55|0x0000000083700000, 0x0000000083700000, 0x0000000083800000|  0%| F|  |TAMS 0x0000000083700000| PB 0x0000000083700000| Untracked 
|  56|0x0000000083800000, 0x0000000083800000, 0x0000000083900000|  0%| F|  |TAMS 0x0000000083800000| PB 0x0000000083800000| Untracked 
|  57|0x0000000083900000, 0x0000000083900000, 0x0000000083a00000|  0%| F|  |TAMS 0x0000000083900000| PB 0x0000000083900000| Untracked 
|  58|0x0000000083a00000, 0x0000000083a00000, 0x0000000083b00000|  0%| F|  |TAMS 0x0000000083a00000| PB 0x0000000083a00000| Untracked 
|  59|0x0000000083b00000, 0x0000000083b00000, 0x0000000083c00000|  0%| F|  |TAMS 0x0000000083b00000| PB 0x0000000083b00000| Untracked 
|  60|0x0000000083c00000, 0x0000000083c00000, 0x0000000083d00000|  0%| F|  |TAMS 0x0000000083c00000| PB 0x0000000083c00000| Untracked 
|  61|0x0000000083d00000, 0x0000000083d00000, 0x0000000083e00000|  0%| F|  |TAMS 0x0000000083d00000| PB 0x0000000083d00000| Untracked 
|  62|0x0000000083e00000, 0x0000000083e00000, 0x0000000083f00000|  0%| F|  |TAMS 0x0000000083e00000| PB 0x0000000083e00000| Untracked 
|  63|0x0000000083f00000, 0x0000000083f00000, 0x0000000084000000|  0%| F|  |TAMS 0x0000000083f00000| PB 0x0000000083f00000| Untracked 
|  64|0x0000000084000000, 0x0000000084000000, 0x0000000084100000|  0%| F|  |TAMS 0x0000000084000000| PB 0x0000000084000000| Untracked 
|  65|0x0000000084100000, 0x0000000084100000, 0x0000000084200000|  0%| F|  |TAMS 0x0000000084100000| PB 0x0000000084100000| Untracked 
|  66|0x0000000084200000, 0x0000000084200000, 0x0000000084300000|  0%| F|  |TAMS 0x0000000084200000| PB 0x0000000084200000| Untracked 
|  67|0x0000000084300000, 0x0000000084300000, 0x0000000084400000|  0%| F|  |TAMS 0x0000000084300000| PB 0x0000000084300000| Untracked 
|  68|0x0000000084400000, 0x0000000084400000, 0x0000000084500000|  0%| F|  |TAMS 0x0000000084400000| PB 0x0000000084400000| Untracked 
|  69|0x0000000084500000, 0x0000000084500000, 0x0000000084600000|  0%| F|  |TAMS 0x0000000084500000| PB 0x0000000084500000| Untracked 
|  70|0x0000000084600000, 0x0000000084600000, 0x0000000084700000|  0%| F|  |TAMS 0x0000000084600000| PB 0x0000000084600000| Untracked 
|  71|0x0000000084700000, 0x0000000084700000, 0x0000000084800000|  0%| F|  |TAMS 0x0000000084700000| PB 0x0000000084700000| Untracked 
|  72|0x0000000084800000, 0x0000000084800000, 0x0000000084900000|  0%| F|  |TAMS 0x0000000084800000| PB 0x0000000084800000| Untracked 
|  73|0x0000000084900000, 0x0000000084900000, 0x0000000084a00000|  0%| F|  |TAMS 0x0000000084900000| PB 0x0000000084900000| Untracked 
|  74|0x0000000084a00000, 0x0000000084a8a598, 0x0000000084b00000| 54%| E|  |TAMS 0x0000000084a00000| PB 0x0000000084a00000| Complete 
|  75|0x0000000084b00000, 0x0000000084c00000, 0x0000000084c00000|100%| E|CS|TAMS 0x0000000084b00000| PB 0x0000000084b00000| Complete 
|  76|0x0000000084c00000, 0x0000000084d00000, 0x0000000084d00000|100%| E|CS|TAMS 0x0000000084c00000| PB 0x0000000084c00000| Complete 
|  77|0x0000000084d00000, 0x0000000084e00000, 0x0000000084e00000|100%| E|CS|TAMS 0x0000000084d00000| PB 0x0000000084d00000| Complete 
| 104|0x0000000086800000, 0x0000000086900000, 0x0000000086900000|100%| E|CS|TAMS 0x0000000086800000| PB 0x0000000086800000| Complete 
| 105|0x0000000086900000, 0x0000000086a00000, 0x0000000086a00000|100%| E|CS|TAMS 0x0000000086900000| PB 0x0000000086900000| Complete 
| 106|0x0000000086a00000, 0x0000000086b00000, 0x0000000086b00000|100%| E|CS|TAMS 0x0000000086a00000| PB 0x0000000086a00000| Complete 
| 107|0x0000000086b00000, 0x0000000086c00000, 0x0000000086c00000|100%| E|CS|TAMS 0x0000000086b00000| PB 0x0000000086b00000| Complete 
| 108|0x0000000086c00000, 0x0000000086d00000, 0x0000000086d00000|100%| E|CS|TAMS 0x0000000086c00000| PB 0x0000000086c00000| Complete 
| 109|0x0000000086d00000, 0x0000000086e00000, 0x0000000086e00000|100%| E|CS|TAMS 0x0000000086d00000| PB 0x0000000086d00000| Complete 
| 110|0x0000000086e00000, 0x0000000086f00000, 0x0000000086f00000|100%| E|CS|TAMS 0x0000000086e00000| PB 0x0000000086e00000| Complete 
| 126|0x0000000087e00000, 0x0000000087f00000, 0x0000000087f00000|100%| E|CS|TAMS 0x0000000087e00000| PB 0x0000000087e00000| Complete 
| 127|0x0000000087f00000, 0x0000000088000000, 0x0000000088000000|100%| E|CS|TAMS 0x0000000087f00000| PB 0x0000000087f00000| Complete 

Card table byte_map: [0x0000017e398e0000,0x0000017e39ce0000] _byte_map_base: 0x0000017e394e0000

Marking Bits: (CMBitMap*) 0x0000017e2022dfc0
 Bits: [0x0000017e39ce0000, 0x0000017e3bce0000)

Polling page: 0x0000017e20100000

Metaspace:

Usage:
  Non-class:     47.42 MB used.
      Class:      7.81 MB used.
       Both:     55.23 MB used.

Virtual space:
  Non-class space:       64.00 MB reserved,      48.31 MB ( 75%) committed,  1 nodes.
      Class space:      416.00 MB reserved,       8.69 MB (  2%) committed,  1 nodes.
             Both:      480.00 MB reserved,      57.00 MB ( 12%) committed. 

Chunk freelists:
   Non-Class:  15.66 MB
       Class:  7.20 MB
        Both:  22.86 MB

MaxMetaspaceSize: 512.00 MB
CompressedClassSpaceSize: 416.00 MB
Initial GC threshold: 21.00 MB
Current GC threshold: 59.31 MB
CDS: on
 - commit_granule_bytes: 65536.
 - commit_granule_words: 8192.
 - virtual_space_node_default_size: 8388608.
 - enlarge_chunks_in_place: 1.
 - use_allocation_guard: 0.


Internal statistics:

num_allocs_failed_limit: 6.
num_arena_births: 3150.
num_arena_deaths: 0.
num_vsnodes_births: 2.
num_vsnodes_deaths: 0.
num_space_committed: 912.
num_space_uncommitted: 0.
num_chunks_returned_to_freelist: 6.
num_chunks_taken_from_freelist: 5857.
num_chunk_merges: 6.
num_chunk_splits: 3753.
num_chunks_enlarged: 2302.
num_inconsistent_stats: 0.

CodeHeap 'non-profiled nmethods': size=120000Kb used=3398Kb max_used=3398Kb free=116602Kb
 bounds [0x0000017e31990000, 0x0000017e31cf0000, 0x0000017e38ec0000]
CodeHeap 'profiled nmethods': size=120000Kb used=11099Kb max_used=11099Kb free=108900Kb
 bounds [0x0000017e29ec0000, 0x0000017e2a9a0000, 0x0000017e313f0000]
CodeHeap 'non-nmethods': size=5760Kb used=2776Kb max_used=2808Kb free=2983Kb
 bounds [0x0000017e313f0000, 0x0000017e316c0000, 0x0000017e31990000]
 total_blobs=6625 nmethods=5728 adapters=801
 compilation: enabled
              stopped_count=0, restarted_count=0
 full_count=0

Compilation events (20 events):
Event: 20.701 Thread 0x0000017e3e333bb0 nmethod 6240 0x0000017e2a98b410 code [0x0000017e2a98b600, 0x0000017e2a98ba60]
Event: 20.716 Thread 0x0000017e3e333bb0 6241       3       org.gradle.internal.instantiation.generator.AsmBackedClassGenerator$ClassBuilderImpl$37::<init> (403 bytes)
Event: 20.723 Thread 0x0000017e3e333bb0 nmethod 6241 0x0000017e2a98bc10 code [0x0000017e2a98c360, 0x0000017e2a990ee8]
Event: 20.724 Thread 0x0000017e3e333bb0 6242       3       org.gradle.internal.instantiation.generator.AsmBackedClassGenerator$ClassBuilderImpl::access$4000 (4 bytes)
Event: 20.724 Thread 0x0000017e3e333bb0 nmethod 6242 0x0000017e2a992610 code [0x0000017e2a9927a0, 0x0000017e2a992898]
Event: 20.731 Thread 0x0000017e3e333bb0 6243       3       java.nio.Buffer$2::acquireSession (14 bytes)
Event: 20.731 Thread 0x0000017e3e333bb0 nmethod 6243 0x0000017e2a992910 code [0x0000017e2a992ae0, 0x0000017e2a992f00]
Event: 20.739 Thread 0x0000017e3e333bb0 6244       3       org.gradle.internal.logging.events.CategorisedOutputEvent::<init> (21 bytes)
Event: 20.739 Thread 0x0000017e3e333bb0 nmethod 6244 0x0000017e2a993090 code [0x0000017e2a993240, 0x0000017e2a9934c0]
Event: 20.739 Thread 0x0000017e3e333bb0 6245       3       java.nio.MappedByteBuffer::flip (7 bytes)
Event: 20.740 Thread 0x0000017e3e333bb0 nmethod 6245 0x0000017e2a993590 code [0x0000017e2a993740, 0x0000017e2a993920]
Event: 20.740 Thread 0x0000017e3e333bb0 6246       3       sun.nio.ch.IOUtil::acquireScope (36 bytes)
Event: 20.740 Thread 0x0000017e3e333bb0 nmethod 6246 0x0000017e2a993a10 code [0x0000017e2a993c60, 0x0000017e2a994600]
Event: 20.742 Thread 0x0000017e3e333bb0 6247       3       sun.nio.fs.WindowsPath::isEmpty (8 bytes)
Event: 20.742 Thread 0x0000017e3e333bb0 nmethod 6247 0x0000017e2a994910 code [0x0000017e2a994ac0, 0x0000017e2a994c98]
Event: 20.746 Thread 0x0000017e3e333bb0 6248   !   3       java.lang.reflect.Proxy$ProxyBuilder::ensureVisible (65 bytes)
Event: 20.747 Thread 0x0000017e3e333bb0 nmethod 6248 0x0000017e2a994d90 code [0x0000017e2a995020, 0x0000017e2a995a58]
Event: 20.748 Thread 0x0000017e3e333bb0 6249       3       java.lang.reflect.Proxy$ProxyBuilder::ensureAccess (39 bytes)
Event: 20.749 Thread 0x0000017e3e333bb0 nmethod 6249 0x0000017e2a995e90 code [0x0000017e2a996100, 0x0000017e2a996950]
Event: 20.756 Thread 0x0000017e3e333bb0 6250       3       org.objectweb.asm.ClassReader::readCode (5117 bytes)

GC Heap History (20 events):
Event: 5.568 GC heap before
{Heap before GC invocations=3 (full 0):
 garbage-first heap   total 131072K, used 84279K [0x0000000080000000, 0x0000000100000000)
  region size 1024K, 76 young (77824K), 10 survivors (10240K)
 Metaspace       used 18959K, committed 19456K, reserved 491520K
  class space    used 2647K, committed 2880K, reserved 425984K
}
Event: 5.585 GC heap after
{Heap after GC invocations=4 (full 0):
 garbage-first heap   total 131072K, used 22472K [0x0000000080000000, 0x0000000100000000)
  region size 1024K, 5 young (5120K), 5 survivors (5120K)
 Metaspace       used 18959K, committed 19456K, reserved 491520K
  class space    used 2647K, committed 2880K, reserved 425984K
}
Event: 5.922 GC heap before
{Heap before GC invocations=4 (full 0):
 garbage-first heap   total 131072K, used 38856K [0x0000000080000000, 0x0000000100000000)
  region size 1024K, 22 young (22528K), 5 survivors (5120K)
 Metaspace       used 20881K, committed 21504K, reserved 491520K
  class space    used 2980K, committed 3328K, reserved 425984K
}
Event: 5.931 GC heap after
{Heap after GC invocations=5 (full 0):
 garbage-first heap   total 131072K, used 23747K [0x0000000080000000, 0x0000000100000000)
  region size 1024K, 7 young (7168K), 7 survivors (7168K)
 Metaspace       used 20881K, committed 21504K, reserved 491520K
  class space    used 2980K, committed 3328K, reserved 425984K
}
Event: 7.211 GC heap before
{Heap before GC invocations=6 (full 0):
 garbage-first heap   total 89088K, used 69827K [0x0000000080000000, 0x0000000100000000)
  region size 1024K, 52 young (53248K), 7 survivors (7168K)
 Metaspace       used 27232K, committed 28224K, reserved 491520K
  class space    used 3991K, committed 4480K, reserved 425984K
}
Event: 7.228 GC heap after
{Heap after GC invocations=7 (full 0):
 garbage-first heap   total 89088K, used 26432K [0x0000000080000000, 0x0000000100000000)
  region size 1024K, 4 young (4096K), 4 survivors (4096K)
 Metaspace       used 27232K, committed 28224K, reserved 491520K
  class space    used 3991K, committed 4480K, reserved 425984K
}
Event: 8.439 GC heap before
{Heap before GC invocations=7 (full 0):
 garbage-first heap   total 89088K, used 74560K [0x0000000080000000, 0x0000000100000000)
  region size 1024K, 52 young (53248K), 4 survivors (4096K)
 Metaspace       used 33839K, committed 34880K, reserved 491520K
  class space    used 4725K, committed 5248K, reserved 425984K
}
Event: 8.454 GC heap after
{Heap after GC invocations=8 (full 0):
 garbage-first heap   total 89088K, used 31192K [0x0000000080000000, 0x0000000100000000)
  region size 1024K, 7 young (7168K), 7 survivors (7168K)
 Metaspace       used 33839K, committed 34880K, reserved 491520K
  class space    used 4725K, committed 5248K, reserved 425984K
}
Event: 8.758 GC heap before
{Heap before GC invocations=8 (full 0):
 garbage-first heap   total 89088K, used 46552K [0x0000000080000000, 0x0000000100000000)
  region size 1024K, 19 young (19456K), 7 survivors (7168K)
 Metaspace       used 35082K, committed 36096K, reserved 491520K
  class space    used 4853K, committed 5376K, reserved 425984K
}
Event: 8.773 GC heap after
{Heap after GC invocations=9 (full 0):
 garbage-first heap   total 89088K, used 35377K [0x0000000080000000, 0x0000000100000000)
  region size 1024K, 2 young (2048K), 2 survivors (2048K)
 Metaspace       used 35082K, committed 36096K, reserved 491520K
  class space    used 4853K, committed 5376K, reserved 425984K
}
Event: 9.851 GC heap before
{Heap before GC invocations=10 (full 0):
 garbage-first heap   total 89088K, used 75313K [0x0000000080000000, 0x0000000100000000)
  region size 1024K, 41 young (41984K), 2 survivors (2048K)
 Metaspace       used 39506K, committed 40896K, reserved 491520K
  class space    used 5508K, committed 6208K, reserved 425984K
}
Event: 9.860 GC heap after
{Heap after GC invocations=11 (full 0):
 garbage-first heap   total 89088K, used 36497K [0x0000000080000000, 0x0000000100000000)
  region size 1024K, 5 young (5120K), 5 survivors (5120K)
 Metaspace       used 39506K, committed 40896K, reserved 491520K
  class space    used 5508K, committed 6208K, reserved 425984K
}
Event: 10.643 GC heap before
{Heap before GC invocations=11 (full 0):
 garbage-first heap   total 89088K, used 77457K [0x0000000080000000, 0x0000000100000000)
  region size 1024K, 44 young (45056K), 5 survivors (5120K)
 Metaspace       used 42475K, committed 43968K, reserved 491520K
  class space    used 5854K, committed 6592K, reserved 425984K
}
Event: 10.657 GC heap after
{Heap after GC invocations=12 (full 0):
 garbage-first heap   total 89088K, used 36975K [0x0000000080000000, 0x0000000100000000)
  region size 1024K, 2 young (2048K), 2 survivors (2048K)
 Metaspace       used 42475K, committed 43968K, reserved 491520K
  class space    used 5854K, committed 6592K, reserved 425984K
}
Event: 13.221 GC heap before
{Heap before GC invocations=12 (full 0):
 garbage-first heap   total 89088K, used 76911K [0x0000000080000000, 0x0000000100000000)
  region size 1024K, 41 young (41984K), 2 survivors (2048K)
 Metaspace       used 46182K, committed 47808K, reserved 491520K
  class space    used 6454K, committed 7232K, reserved 425984K
}
Event: 13.230 GC heap after
{Heap after GC invocations=13 (full 0):
 garbage-first heap   total 89088K, used 38786K [0x0000000080000000, 0x0000000100000000)
  region size 1024K, 3 young (3072K), 3 survivors (3072K)
 Metaspace       used 46182K, committed 47808K, reserved 491520K
  class space    used 6454K, committed 7232K, reserved 425984K
}
Event: 16.169 GC heap before
{Heap before GC invocations=13 (full 0):
 garbage-first heap   total 89088K, used 79746K [0x0000000080000000, 0x0000000100000000)
  region size 1024K, 43 young (44032K), 3 survivors (3072K)
 Metaspace       used 50801K, committed 52544K, reserved 491520K
  class space    used 7132K, committed 8000K, reserved 425984K
}
Event: 16.180 GC heap after
{Heap after GC invocations=14 (full 0):
 garbage-first heap   total 89088K, used 40702K [0x0000000080000000, 0x0000000100000000)
  region size 1024K, 5 young (5120K), 5 survivors (5120K)
 Metaspace       used 50801K, committed 52544K, reserved 491520K
  class space    used 7132K, committed 8000K, reserved 425984K
}
Event: 20.190 GC heap before
{Heap before GC invocations=14 (full 0):
 garbage-first heap   total 89088K, used 78590K [0x0000000080000000, 0x0000000100000000)
  region size 1024K, 42 young (43008K), 5 survivors (5120K)
 Metaspace       used 55299K, committed 57024K, reserved 491520K
  class space    used 7770K, committed 8640K, reserved 425984K
}
Event: 20.210 GC heap after
{Heap after GC invocations=15 (full 0):
 garbage-first heap   total 89088K, used 42997K [0x0000000080000000, 0x0000000100000000)
  region size 1024K, 5 young (5120K), 5 survivors (5120K)
 Metaspace       used 55299K, committed 57024K, reserved 491520K
  class space    used 7770K, committed 8640K, reserved 425984K
}

Dll operation events (15 events):
Event: 0.027 Loaded shared library C:\Program Files\Java\jdk-21\bin\java.dll
Event: 0.085 Loaded shared library C:\Program Files\Java\jdk-21\bin\jsvml.dll
Event: 0.187 Loaded shared library C:\Program Files\Java\jdk-21\bin\zip.dll
Event: 0.195 Loaded shared library C:\Program Files\Java\jdk-21\bin\instrument.dll
Event: 0.203 Loaded shared library C:\Program Files\Java\jdk-21\bin\net.dll
Event: 0.207 Loaded shared library C:\Program Files\Java\jdk-21\bin\nio.dll
Event: 0.210 Loaded shared library C:\Program Files\Java\jdk-21\bin\zip.dll
Event: 0.882 Loaded shared library C:\Program Files\Java\jdk-21\bin\jimage.dll
Event: 1.219 Loaded shared library C:\Program Files\Java\jdk-21\bin\verify.dll
Event: 1.452 Loaded shared library C:\Users\Nestor Corneille\.gradle\native\1def1411415f61bf3af743bc5b6707747c0891f09f0c88961ee8f79bc544acac\windows-amd64\native-platform.dll
Event: 1.477 Loaded shared library C:\Users\Nestor Corneille\.gradle\native\0.2.7\x86_64-windows-gnu\gradle-fileevents.dll
Event: 3.496 Loaded shared library C:\Program Files\Java\jdk-21\bin\management.dll
Event: 3.500 Loaded shared library C:\Program Files\Java\jdk-21\bin\management_ext.dll
Event: 3.737 Loaded shared library C:\Program Files\Java\jdk-21\bin\extnet.dll
Event: 4.058 Loaded shared library C:\Program Files\Java\jdk-21\bin\sunmscapi.dll

Deoptimization events (20 events):
Event: 20.301 Thread 0x0000017e5f9e7930 DEOPT PACKING pc=0x0000017e31bbefb8 sp=0x000000730a1f52d0
Event: 20.301 Thread 0x0000017e5f9e7930 DEOPT UNPACKING pc=0x0000017e314446a2 sp=0x000000730a1f50a8 mode 2
Event: 20.301 Thread 0x0000017e5f9e7930 Uncommon trap: trap_request=0xffffff45 fr.pc=0x0000017e31c19778 relative=0x0000000000001a18
Event: 20.301 Thread 0x0000017e5f9e7930 Uncommon trap: reason=unstable_if action=reinterpret pc=0x0000017e31c19778 method=java.net.URLClassLoader.getAndVerifyPackage(Ljava/lang/String;Ljava/util/jar/Manifest;Ljava/net/URL;)Ljava/lang/Package; @ 62 c2
Event: 20.301 Thread 0x0000017e5f9e7930 DEOPT PACKING pc=0x0000017e31c19778 sp=0x000000730a1f5010
Event: 20.301 Thread 0x0000017e5f9e7930 DEOPT UNPACKING pc=0x0000017e314446a2 sp=0x000000730a1f5028 mode 2
Event: 20.307 Thread 0x0000017e5f9e7930 Uncommon trap: trap_request=0xffffffde fr.pc=0x0000017e31bbefb8 relative=0x0000000000006638
Event: 20.307 Thread 0x0000017e5f9e7930 Uncommon trap: reason=class_check action=maybe_recompile pc=0x0000017e31bbefb8 method=java.net.URLClassLoader.defineClass(Ljava/lang/String;Ljdk/internal/loader/Resource;)Ljava/lang/Class; @ 34 c2
Event: 20.307 Thread 0x0000017e5f9e7930 DEOPT PACKING pc=0x0000017e31bbefb8 sp=0x000000730a1f52d0
Event: 20.307 Thread 0x0000017e5f9e7930 DEOPT UNPACKING pc=0x0000017e314446a2 sp=0x000000730a1f50a8 mode 2
Event: 20.316 Thread 0x0000017e5f9e7930 Uncommon trap: trap_request=0xffffffde fr.pc=0x0000017e31bbefb8 relative=0x0000000000006638
Event: 20.316 Thread 0x0000017e5f9e7930 Uncommon trap: reason=class_check action=maybe_recompile pc=0x0000017e31bbefb8 method=java.net.URLClassLoader.defineClass(Ljava/lang/String;Ljdk/internal/loader/Resource;)Ljava/lang/Class; @ 34 c2
Event: 20.316 Thread 0x0000017e5f9e7930 DEOPT PACKING pc=0x0000017e31bbefb8 sp=0x000000730a1f52d0
Event: 20.316 Thread 0x0000017e5f9e7930 DEOPT UNPACKING pc=0x0000017e314446a2 sp=0x000000730a1f50a8 mode 2
Event: 20.659 Thread 0x0000017e5f9e7930 Uncommon trap: trap_request=0xffffff45 fr.pc=0x0000017e31a3afac relative=0x00000000000003ac
Event: 20.659 Thread 0x0000017e5f9e7930 Uncommon trap: reason=unstable_if action=reinterpret pc=0x0000017e31a3afac method=org.gradle.internal.reflect.PropertyAccessorType.isGetGetterName(Ljava/lang/String;)Z @ 14 c2
Event: 20.659 Thread 0x0000017e5f9e7930 DEOPT PACKING pc=0x0000017e31a3afac sp=0x000000730a1f6190
Event: 20.659 Thread 0x0000017e5f9e7930 DEOPT UNPACKING pc=0x0000017e314446a2 sp=0x000000730a1f60e8 mode 2
Event: 20.754 Thread 0x0000017e5f9e7930 DEOPT PACKING pc=0x0000017e2a0624a1 sp=0x000000730a1f5e00
Event: 20.754 Thread 0x0000017e5f9e7930 DEOPT UNPACKING pc=0x0000017e31444e42 sp=0x000000730a1f5300 mode 0

Classes loaded (20 events):
Event: 17.886 Loading class java/util/EmptyStackException
Event: 17.887 Loading class java/util/EmptyStackException done
Event: 17.901 Loading class java/io/InvalidClassException
Event: 17.901 Loading class java/io/InvalidClassException done
Event: 18.900 Loading class java/util/Comparators$NaturalOrderComparator
Event: 18.913 Loading class java/util/Comparators$NaturalOrderComparator done
Event: 19.543 Loading class java/io/FileWriter
Event: 19.544 Loading class java/io/FileWriter done
Event: 20.062 Loading class sun/reflect/generics/tree/BooleanSignature
Event: 20.064 Loading class sun/reflect/generics/tree/BooleanSignature done
Event: 20.122 Loading class org/xml/sax/Locator
Event: 20.123 Loading class org/xml/sax/Locator done
Event: 20.123 Loading class org/xml/sax/SAXParseException
Event: 20.123 Loading class org/xml/sax/SAXParseException done
Event: 20.123 Loading class org/xml/sax/Attributes
Event: 20.123 Loading class org/xml/sax/Attributes done
Event: 20.281 Loading class java/io/SerialCallbackContext
Event: 20.282 Loading class java/io/SerialCallbackContext done
Event: 20.644 Loading class java/util/function/LongUnaryOperator
Event: 20.644 Loading class java/util/function/LongUnaryOperator done

Classes unloaded (0 events):
No events

Classes redefined (0 events):
No events

Internal exceptions (20 events):
Event: 13.589 Thread 0x0000017e5f9e7930 Exception <a 'java/lang/NoSuchMethodError'{0x000000008693e1b8}: 'void java.lang.invoke.DirectMethodHandle$Holder.invokeStatic(java.lang.Object, java.lang.Object, java.lang.Object, int, java.lang.Object)'> (0x000000008693e1b8) 
thrown [s\open\src\hotspot\share\interpreter\linkResolver.cpp, line 773]
Event: 13.652 Thread 0x0000017e5f9e7930 Exception <a 'java/lang/NoSuchMethodError'{0x0000000084d14cc0}: 'int java.lang.invoke.DirectMethodHandle$Holder.invokeInterface(java.lang.Object, java.lang.Object, java.lang.Object, java.lang.Object, java.lang.Object)'> (0x0000000084d14cc0) 
thrown [s\open\src\hotspot\share\interpreter\linkResolver.cpp, line 773]
Event: 13.824 Thread 0x0000017e5f9e7930 Exception <a 'java/lang/NoSuchMethodError'{0x0000000084b94850}: 'java.lang.Object java.lang.invoke.DirectMethodHandle$Holder.invokeSpecial(java.lang.Object, java.lang.Object, long, java.lang.Object, java.lang.Object)'> (0x0000000084b94850) 
thrown [s\open\src\hotspot\share\interpreter\linkResolver.cpp, line 773]
Event: 14.466 Thread 0x0000017e5f9e7930 Exception <a 'java/lang/NoSuchMethodError'{0x00000000847cbe00}: 'java.lang.Object java.lang.invoke.DirectMethodHandle$Holder.newInvokeSpecial(java.lang.Object, java.lang.Object, java.lang.Object, java.lang.Object, int, java.lang.Object)'> (0x00000000847cbe00) 
thrown [s\open\src\hotspot\share\interpreter\linkResolver.cpp, line 773]
Event: 14.467 Thread 0x0000017e5f9e7930 Exception <a 'java/lang/NoSuchMethodError'{0x00000000847d4b50}: 'java.lang.Object java.lang.invoke.Invokers$Holder.linkToTargetMethod(java.lang.Object, java.lang.Object, java.lang.Object, int, java.lang.Object, java.lang.Object)'> (0x00000000847d4b50) 
thrown [s\open\src\hotspot\share\interpreter\linkResolver.cpp, line 773]
Event: 14.715 Thread 0x0000017e5f9e7930 Exception <a 'java/lang/NoSuchMethodError'{0x0000000084388d68}: 'java.lang.Object java.lang.invoke.DirectMethodHandle$Holder.invokeSpecialIFC(java.lang.Object, java.lang.Object, java.lang.Object)'> (0x0000000084388d68) 
thrown [s\open\src\hotspot\share\interpreter\linkResolver.cpp, line 773]
Event: 17.275 Thread 0x0000017e5f9e7930 Exception <a 'java/lang/ClassNotFoundException'{0x0000000084938a20}: sun/misc/SharedSecrets> (0x0000000084938a20) 
thrown [s\open\src\hotspot\share\classfile\systemDictionary.cpp, line 312]
Event: 17.532 Thread 0x0000017e5f9e1030 Exception <a 'java/lang/NoSuchMethodError'{0x00000000847876f8}: static Lorg/gradle/internal/build/event/types/DefaultBuildPhaseDescriptor;.<clinit>()V> (0x00000000847876f8) 
thrown [s\open\src\hotspot\share\prims\jni.cpp, line 1111]
Event: 17.734 Thread 0x0000017e5f9e7930 Exception <a 'sun/nio/fs/WindowsException'{0x000000008450a7f8}> (0x000000008450a7f8) 
thrown [s\open\src\hotspot\share\prims\jni.cpp, line 520]
Event: 17.734 Thread 0x0000017e5f9e7930 Exception <a 'sun/nio/fs/WindowsException'{0x000000008450c4b8}> (0x000000008450c4b8) 
thrown [s\open\src\hotspot\share\prims\jni.cpp, line 520]
Event: 17.736 Thread 0x0000017e5f9e7930 Exception <a 'sun/nio/fs/WindowsException'{0x0000000084516480}> (0x0000000084516480) 
thrown [s\open\src\hotspot\share\prims\jni.cpp, line 520]
Event: 18.867 Thread 0x0000017e5f9e7930 Exception <a 'java/lang/NoSuchMethodError'{0x0000000083d4b390}: 'void java.lang.invoke.DirectMethodHandle$Holder.invokeStatic(java.lang.Object, java.lang.Object, java.lang.Object, java.lang.Object, java.lang.Object, java.lang.Object, java.lang.Object)'> (0x0000000083d4b390) 
thrown [s\open\src\hotspot\share\interpreter\linkResolver.cpp, line 773]
Event: 20.022 Thread 0x0000017e5f9e7930 Exception <a 'java/lang/ClassNotFoundException'{0x000000008330af10}: org/gradle/api/internal/project/DefaultProject_DecoratedBeanInfo> (0x000000008330af10) 
thrown [s\open\src\hotspot\share\classfile\systemDictionary.cpp, line 312]
Event: 20.024 Thread 0x0000017e5f9e7930 Exception <a 'java/lang/ClassNotFoundException'{0x00000000833196d0}: org/gradle/api/internal/project/DefaultProjectBeanInfo> (0x00000000833196d0) 
thrown [s\open\src\hotspot\share\classfile\systemDictionary.cpp, line 312]
Event: 20.026 Thread 0x0000017e5f9e7930 Exception <a 'java/lang/ClassNotFoundException'{0x0000000083327f48}: org/gradle/api/internal/project/DefaultProjectCustomizer> (0x0000000083327f48) 
thrown [s\open\src\hotspot\share\classfile\systemDictionary.cpp, line 312]
Event: 20.094 Thread 0x0000017e5f9e7930 Exception <a 'java/lang/ClassNotFoundException'{0x00000000833e9198}: org/gradle/api/internal/project/DefaultProject_DecoratedCustomizer> (0x00000000833e9198) 
thrown [s\open\src\hotspot\share\classfile\systemDictionary.cpp, line 312]
Event: 20.183 Thread 0x0000017e5f9e7930 Exception <a 'java/lang/ClassNotFoundException'{0x00000000832a03c8}: org/gradle/configuration/internal/DefaultListenerBuildOperationDecorator$BuildOperationEmittingClosureBeanInfo> (0x00000000832a03c8) 
thrown [s\open\src\hotspot\share\classfile\systemDictionary.cpp, line 312]
Event: 20.184 Thread 0x0000017e5f9e7930 Exception <a 'java/lang/ClassNotFoundException'{0x00000000832af708}: org/gradle/configuration/internal/DefaultListenerBuildOperationDecorator$BuildOperationEmittingClosureCustomizer> (0x00000000832af708) 
thrown [s\open\src\hotspot\share\classfile\systemDictionary.cpp, line 312]
Event: 20.280 Thread 0x0000017e5f9e1030 Exception <a 'java/lang/NoSuchMethodError'{0x0000000087e07190}: static Lorg/gradle/internal/build/event/types/DefaultProjectConfigurationDescriptor;.<clinit>()V> (0x0000000087e07190) 
thrown [s\open\src\hotspot\share\prims\jni.cpp, line 1111]
Event: 20.645 Thread 0x0000017e5f9e7930 Exception <a 'java/lang/NoSuchMethodError'{0x0000000086872618}: 'long java.lang.invoke.DirectMethodHandle$Holder.invokeStatic(java.lang.Object, long)'> (0x0000000086872618) 
thrown [s\open\src\hotspot\share\interpreter\linkResolver.cpp, line 773]

ZGC Phase Switch (0 events):
No events

VM Operations (20 events):
Event: 13.720 Executing VM operation: HandshakeAllThreads (Deoptimize)
Event: 13.720 Executing VM operation: HandshakeAllThreads (Deoptimize) done
Event: 14.350 Executing VM operation: HandshakeAllThreads (Deoptimize)
Event: 14.350 Executing VM operation: HandshakeAllThreads (Deoptimize) done
Event: 14.350 Executing VM operation: Cleanup
Event: 14.350 Executing VM operation: Cleanup done
Event: 15.364 Executing VM operation: Cleanup
Event: 15.367 Executing VM operation: Cleanup done
Event: 16.169 Executing VM operation: G1CollectForAllocation (G1 Evacuation Pause)
Event: 16.180 Executing VM operation: G1CollectForAllocation (G1 Evacuation Pause) done
Event: 17.185 Executing VM operation: Cleanup
Event: 17.185 Executing VM operation: Cleanup done
Event: 18.199 Executing VM operation: Cleanup
Event: 18.199 Executing VM operation: Cleanup done
Event: 19.212 Executing VM operation: Cleanup
Event: 19.212 Executing VM operation: Cleanup done
Event: 19.545 Executing VM operation: HandshakeAllThreads (Deoptimize)
Event: 19.545 Executing VM operation: HandshakeAllThreads (Deoptimize) done
Event: 20.190 Executing VM operation: G1CollectForAllocation (G1 Evacuation Pause)
Event: 20.213 Executing VM operation: G1CollectForAllocation (G1 Evacuation Pause) done

Events (20 events):
Event: 8.835 Thread 0x0000017e3e2f57e0 flushing nmethod 0x0000017e2a2a1990
Event: 8.835 Thread 0x0000017e3e2f57e0 flushing nmethod 0x0000017e2a2a4010
Event: 8.835 Thread 0x0000017e3e2f57e0 flushing nmethod 0x0000017e2a2a5590
Event: 8.835 Thread 0x0000017e3e2f57e0 flushing nmethod 0x0000017e2a306a10
Event: 8.835 Thread 0x0000017e3e2f57e0 flushing nmethod 0x0000017e2a323e10
Event: 8.835 Thread 0x0000017e3e2f57e0 flushing nmethod 0x0000017e2a32c690
Event: 8.835 Thread 0x0000017e3e2f57e0 flushing nmethod 0x0000017e2a3ac110
Event: 8.835 Thread 0x0000017e3e2f57e0 flushing nmethod 0x0000017e2a3b9310
Event: 8.835 Thread 0x0000017e3e2f57e0 flushing nmethod 0x0000017e2a452690
Event: 9.195 Thread 0x0000017e5f9e5ef0 Thread added: 0x0000017e5f9e5ef0
Event: 9.704 Thread 0x0000017e5f9e72a0 Thread added: 0x0000017e5f9e72a0
Event: 9.768 Thread 0x0000017e6023cb00 Thread added: 0x0000017e6023cb00
Event: 10.258 Thread 0x0000017e6023d190 Thread added: 0x0000017e6023d190
Event: 11.907 Thread 0x0000017e5e0f39f0 Thread exited: 0x0000017e5e0f39f0
Event: 14.320 Thread 0x0000017e6023d820 Thread added: 0x0000017e6023d820
Event: 14.321 Thread 0x0000017e6023deb0 Thread added: 0x0000017e6023deb0
Event: 14.600 Thread 0x0000017e60238960 Thread added: 0x0000017e60238960
Event: 14.616 Thread 0x0000017e60239d10 Thread added: 0x0000017e60239d10
Event: 14.721 Thread 0x0000017e6023a3a0 Thread added: 0x0000017e6023a3a0
Event: 14.733 Thread 0x0000017e6023e540 Thread added: 0x0000017e6023e540


Dynamic libraries:
0x00007ff633500000 - 0x00007ff633510000 	C:\Program Files\Java\jdk-21\bin\java.exe
0x00007fff80e10000 - 0x00007fff81027000 	C:\Windows\SYSTEM32\ntdll.dll
0x00007fff80280000 - 0x00007fff80344000 	C:\Windows\System32\KERNEL32.DLL
0x00007fff7e1a0000 - 0x00007fff7e557000 	C:\Windows\System32\KERNELBASE.dll
0x00007fff7e780000 - 0x00007fff7e891000 	C:\Windows\System32\ucrtbase.dll
0x00007fff6acd0000 - 0x00007fff6aceb000 	C:\Program Files\Java\jdk-21\bin\VCRUNTIME140.dll
0x00007fff6acf0000 - 0x00007fff6ad09000 	C:\Program Files\Java\jdk-21\bin\jli.dll
0x00007fff80360000 - 0x00007fff80412000 	C:\Windows\System32\ADVAPI32.dll
0x00007fff7fd90000 - 0x00007fff7fe37000 	C:\Windows\System32\msvcrt.dll
0x00007fff801d0000 - 0x00007fff80278000 	C:\Windows\System32\sechost.dll
0x00007fff7e590000 - 0x00007fff7e5b8000 	C:\Windows\System32\bcrypt.dll
0x00007fff7fab0000 - 0x00007fff7fbc4000 	C:\Windows\System32\RPCRT4.dll
0x00007fff7ffc0000 - 0x00007fff8016f000 	C:\Windows\System32\USER32.dll
0x00007fff7e560000 - 0x00007fff7e586000 	C:\Windows\System32\win32u.dll
0x00007fff7eb50000 - 0x00007fff7eb79000 	C:\Windows\System32\GDI32.dll
0x00007fff7e660000 - 0x00007fff7e778000 	C:\Windows\System32\gdi32full.dll
0x00007fff7e5c0000 - 0x00007fff7e65a000 	C:\Windows\System32\msvcp_win.dll
0x00007fff6a250000 - 0x00007fff6a4e3000 	C:\Windows\WinSxS\amd64_microsoft.windows.common-controls_6595b64144ccf1df_6.0.22621.3672_none_2713b9d173822955\COMCTL32.dll
0x00007fff75df0000 - 0x00007fff75dfa000 	C:\Windows\SYSTEM32\VERSION.dll
0x00007fff80170000 - 0x00007fff801a1000 	C:\Windows\System32\IMM32.DLL
0x00007fff74c00000 - 0x00007fff74c0c000 	C:\Program Files\Java\jdk-21\bin\vcruntime140_1.dll
0x00007fff6ac40000 - 0x00007fff6acce000 	C:\Program Files\Java\jdk-21\bin\msvcp140.dll
0x00007ffefe3f0000 - 0x00007ffeff108000 	C:\Program Files\Java\jdk-21\bin\server\jvm.dll
0x00007fff7eba0000 - 0x00007fff7ec11000 	C:\Windows\System32\WS2_32.dll
0x00007fff7dff0000 - 0x00007fff7e03d000 	C:\Windows\SYSTEM32\POWRPROF.dll
0x00007fff788b0000 - 0x00007fff788e4000 	C:\Windows\SYSTEM32\WINMM.dll
0x00007fff7dfd0000 - 0x00007fff7dfe3000 	C:\Windows\SYSTEM32\UMPDC.dll
0x00007fff7d130000 - 0x00007fff7d148000 	C:\Windows\SYSTEM32\kernel.appcore.dll
0x00007fff6ac30000 - 0x00007fff6ac3a000 	C:\Program Files\Java\jdk-21\bin\jimage.dll
0x00007fff75f60000 - 0x00007fff76192000 	C:\Windows\SYSTEM32\DBGHELP.DLL
0x00007fff7ec20000 - 0x00007fff7efae000 	C:\Windows\System32\combase.dll
0x00007fff7efb0000 - 0x00007fff7f087000 	C:\Windows\System32\OLEAUT32.dll
0x00007fff505f0000 - 0x00007fff50622000 	C:\Windows\SYSTEM32\dbgcore.DLL
0x00007fff7e120000 - 0x00007fff7e19b000 	C:\Windows\System32\bcryptPrimitives.dll
0x00007fff78c30000 - 0x00007fff78c3f000 	C:\Program Files\Java\jdk-21\bin\instrument.dll
0x00007fff6a740000 - 0x00007fff6a75f000 	C:\Program Files\Java\jdk-21\bin\java.dll
0x00007fff7f140000 - 0x00007fff7f9a9000 	C:\Windows\System32\SHELL32.dll
0x00007fff7c010000 - 0x00007fff7c90f000 	C:\Windows\SYSTEM32\windows.storage.dll
0x00007fff7bed0000 - 0x00007fff7c00f000 	C:\Windows\SYSTEM32\wintypes.dll
0x00007fff7f9b0000 - 0x00007fff7faa9000 	C:\Windows\System32\SHCORE.dll
0x00007fff7ff40000 - 0x00007fff7ff9e000 	C:\Windows\System32\shlwapi.dll
0x00007fff7e050000 - 0x00007fff7e077000 	C:\Windows\SYSTEM32\profapi.dll
0x00007fff51860000 - 0x00007fff51937000 	C:\Program Files\Java\jdk-21\bin\jsvml.dll
0x00007fff6a720000 - 0x00007fff6a738000 	C:\Program Files\Java\jdk-21\bin\zip.dll
0x00007fff6a710000 - 0x00007fff6a720000 	C:\Program Files\Java\jdk-21\bin\net.dll
0x00007fff78620000 - 0x00007fff78756000 	C:\Windows\SYSTEM32\WINHTTP.dll
0x00007fff7d590000 - 0x00007fff7d5f9000 	C:\Windows\system32\mswsock.dll
0x00007fff6a6f0000 - 0x00007fff6a706000 	C:\Program Files\Java\jdk-21\bin\nio.dll
0x00007fff6a6e0000 - 0x00007fff6a6f0000 	C:\Program Files\Java\jdk-21\bin\verify.dll
0x00007fff6ac00000 - 0x00007fff6ac27000 	C:\Users\Nestor Corneille\.gradle\native\1def1411415f61bf3af743bc5b6707747c0891f09f0c88961ee8f79bc544acac\windows-amd64\native-platform.dll
0x00007fff6a600000 - 0x00007fff6a678000 	C:\Users\Nestor Corneille\.gradle\native\0.2.7\x86_64-windows-gnu\gradle-fileevents.dll
0x00007fff6a6d0000 - 0x00007fff6a6da000 	C:\Program Files\Java\jdk-21\bin\management.dll
0x00007fff6a6c0000 - 0x00007fff6a6cb000 	C:\Program Files\Java\jdk-21\bin\management_ext.dll
0x00007fff7eb90000 - 0x00007fff7eb98000 	C:\Windows\System32\PSAPI.DLL
0x00007fff7cb70000 - 0x00007fff7cb9d000 	C:\Windows\SYSTEM32\IPHLPAPI.DLL
0x00007fff7eb80000 - 0x00007fff7eb89000 	C:\Windows\System32\NSI.dll
0x00007fff6a6b0000 - 0x00007fff6a6b9000 	C:\Program Files\Java\jdk-21\bin\extnet.dll
0x00007fff7d8e0000 - 0x00007fff7d8fb000 	C:\Windows\SYSTEM32\CRYPTSP.dll
0x00007fff7d090000 - 0x00007fff7d0c5000 	C:\Windows\system32\rsaenh.dll
0x00007fff7d630000 - 0x00007fff7d658000 	C:\Windows\SYSTEM32\USERENV.dll
0x00007fff7d8c0000 - 0x00007fff7d8cc000 	C:\Windows\SYSTEM32\CRYPTBASE.dll
0x00007fff78c00000 - 0x00007fff78c0e000 	C:\Program Files\Java\jdk-21\bin\sunmscapi.dll
0x00007fff7e9d0000 - 0x00007fff7eb36000 	C:\Windows\System32\CRYPT32.dll
0x00007fff7d9d0000 - 0x00007fff7d9fd000 	C:\Windows\SYSTEM32\ncrypt.dll
0x00007fff7d990000 - 0x00007fff7d9c7000 	C:\Windows\SYSTEM32\NTASN1.dll
0x00007fff46620000 - 0x00007fff46628000 	C:\Windows\system32\wshunix.dll

dbghelp: loaded successfully - version: 4.0.5 - missing functions: none
symbol engine: initialized successfully - sym options: 0x614 - pdb path: .;C:\Program Files\Java\jdk-21\bin;C:\Windows\SYSTEM32;C:\Windows\WinSxS\amd64_microsoft.windows.common-controls_6595b64144ccf1df_6.0.22621.3672_none_2713b9d173822955;C:\Program Files\Java\jdk-21\bin\server;C:\Users\Nestor Corneille\.gradle\native\1def1411415f61bf3af743bc5b6707747c0891f09f0c88961ee8f79bc544acac\windows-amd64;C:\Users\Nestor Corneille\.gradle\native\0.2.7\x86_64-windows-gnu

VM Arguments:
jvm_args: --add-opens=java.base/java.lang=ALL-UNNAMED --add-opens=java.base/java.lang.invoke=ALL-UNNAMED --add-opens=java.base/java.util=ALL-UNNAMED --add-opens=java.prefs/java.util.prefs=ALL-UNNAMED --add-exports=jdk.compiler/com.sun.tools.javac.api=ALL-UNNAMED --add-exports=jdk.compiler/com.sun.tools.javac.util=ALL-UNNAMED --add-opens=java.base/java.util=ALL-UNNAMED --add-opens=java.prefs/java.util.prefs=ALL-UNNAMED --add-opens=java.base/java.nio.charset=ALL-UNNAMED --add-opens=java.base/java.net=ALL-UNNAMED --add-opens=java.base/java.util.concurrent.atomic=ALL-UNNAMED --add-opens=java.xml/javax.xml.namespace=ALL-UNNAMED -XX:MaxMetaspaceSize=512m -Xmx2048m -Dfile.encoding=UTF-8 -Duser.country=CM -Duser.language=fr -Duser.variant -javaagent:C:\Users\Nestor Corneille\.gradle\wrapper\dists\gradle-8.13-bin\5xuhj0ry160q40clulazy9h7d\gradle-8.13\lib\agents\gradle-instrumentation-agent-8.13.jar 
java_command: org.gradle.launcher.daemon.bootstrap.GradleDaemon 8.13
java_class_path (initial): C:\Users\Nestor Corneille\.gradle\wrapper\dists\gradle-8.13-bin\5xuhj0ry160q40clulazy9h7d\gradle-8.13\lib\gradle-daemon-main-8.13.jar
Launcher Type: SUN_STANDARD

[Global flags]
     intx CICompilerCount                          = 3                                         {product} {ergonomic}
   size_t CompressedClassSpaceSize                 = 436207616                                 {product} {ergonomic}
     uint ConcGCThreads                            = 1                                         {product} {ergonomic}
     uint G1ConcRefinementThreads                  = 4                                         {product} {ergonomic}
   size_t G1HeapRegionSize                         = 1048576                                   {product} {ergonomic}
    uintx GCDrainStackTargetSize                   = 64                                        {product} {ergonomic}
   size_t InitialHeapSize                          = 134217728                                 {product} {ergonomic}
   size_t MarkStackSize                            = 4194304                                   {product} {ergonomic}
   size_t MaxHeapSize                              = 2147483648                                {product} {command line}
   size_t MaxMetaspaceSize                         = 536870912                                 {product} {command line}
   size_t MaxNewSize                               = 1287651328                                {product} {ergonomic}
   size_t MinHeapDeltaBytes                        = 1048576                                   {product} {ergonomic}
   size_t MinHeapSize                              = 8388608                                   {product} {ergonomic}
    uintx NonNMethodCodeHeapSize                   = 5832780                                {pd product} {ergonomic}
    uintx NonProfiledCodeHeapSize                  = 122912730                              {pd product} {ergonomic}
    uintx ProfiledCodeHeapSize                     = 122912730                              {pd product} {ergonomic}
    uintx ReservedCodeCacheSize                    = 251658240                              {pd product} {ergonomic}
     bool SegmentedCodeCache                       = true                                      {product} {ergonomic}
   size_t SoftMaxHeapSize                          = 2147483648                             {manageable} {ergonomic}
     bool UseCompressedOops                        = true                           {product lp64_product} {ergonomic}
     bool UseG1GC                                  = true                                      {product} {ergonomic}
     bool UseLargePagesIndividualAllocation        = false                                  {pd product} {ergonomic}

Logging:
Log output configuration:
 #0: stdout all=warning uptime,level,tags foldmultilines=false
 #1: stderr all=off uptime,level,tags foldmultilines=false

Environment Variables:
PATH=C:\oracle\dbhomeXE\bin;C:\Program Files\Common Files\Oracle\Java\javapath;C:\Program Files (x86)\NVIDIA Corporation\PhysX\Common;C:\Windows\system32;C:\Windows;C:\Windows\System32\Wbem;C:\Windows\System32\WindowsPowerShell\v1.0\;C:\Windows\System32\OpenSSH\;C:\Program Files\nodejs\;C:\Users\Nestor Corneille\Desktop\mes projets\python\PhoneSploit-Pro-main\__PhoneSploit-Pro__;C:\Program Files (x86)\Nmap;C:\scrcpy;C:\xampp\php;C:\Program Files\Git\cmd;C:\ProgramData\ComposerSetup\bin;C:\Program Files\Microsoft SQL Server\150\Tools\Binn\;C:\Program Files\Microsoft SQL Server\Client SDK\ODBC\170\Tools\Binn\;C:\Program Files\dotnet\;C:\xam\apache\bin;C:\john\run;C:\apktool;C:\cmdline\bin;C:\src\flutter\bin;C:\Program Files\Java\jdk-21\bin;C:\xampp_school\php;C:\Users\Nestor Corneille\AppData\Local\Programs\Python\Python312\Scripts\;C:\Users\Nestor Corneille\AppData\Local\Programs\Python\Python312\;C:\Users\Nestor Corneille\.cargo\bin;C:\Users\Nestor Corneille\AppData\Local\Programs\Python\Launcher\;C:\Users\Nestor Corneille\AppData\Local\Microsoft\WindowsApps;C:\Users\Nestor Corneille\AppData\Local\Programs\Microsoft VS Code\bin;C:\Users\Nestor Corneille\AppData\Roaming\npm;C:\scrcpy;C:\xampp\php;C:\Program Files\heroku\bin;C:\Users\Nestor Corneille\AppData\Roaming\Composer\vendor\bin;C:\portaudio;C:\Users\Nestor Corneille\anaconda3\condabin;C:\apktool;C:\cmdline\bin;C:\src\flutter\bin;C:\Users\Nestor Corneille\.dotnet\tools;C:\Program Files\Java\jdk-21\bin;C:\Users\Nestor Corneille\.fly\bin;C:\Users\Nestor Corneille\AppData\Local\Android\Sdk\platform-tools;C:\Users\Nestor Corneille\AppData\Local\Android\Sdk\emulator;C:\Users\Nestor Corneille\AppData\Local\Android\Sdk\tools;
USERNAME=Nestor Corneille
OS=Windows_NT
PROCESSOR_IDENTIFIER=Intel64 Family 6 Model 78 Stepping 3, GenuineIntel
TMP=C:\Users\NESTOR~1\AppData\Local\Temp
TEMP=C:\Users\NESTOR~1\AppData\Local\Temp




Periodic native trim disabled

---------------  S Y S T E M  ---------------

OS:
 Windows 11 , 64 bit Build 22621 (10.0.22621.3958)
OS uptime: 0 days 0:11 hours
Hyper-V role detected

CPU: total 4 (initial active 4) (2 cores per cpu, 2 threads per core) family 6 model 78 stepping 3 microcode 0xd6, cx8, cmov, fxsr, ht, mmx, 3dnowpref, sse, sse2, sse3, ssse3, sse4.1, sse4.2, popcnt, lzcnt, tsc, tscinvbit, avx, avx2, aes, erms, clmul, bmi1, bmi2, rtm, adx, fma, vzeroupper, clflush, clflushopt, hv, rdtscp, f16c
Processor Information for all 4 processors :
  Max Mhz: 2801, Current Mhz: 2200, Mhz Limit: 2184

Memory: 4k page, system-wide physical 8083M (257M free)
TotalPageFile size 10887M (AvailPageFile size 4M)
current process WorkingSet (physical memory assigned to process): 272M, peak: 272M
current process commit charge ("private bytes"): 306M, peak: 306M

vm_info: Java HotSpot(TM) 64-Bit Server VM (21.0.5+9-LTS-239) for windows-amd64 JRE (21.0.5+9-LTS-239), built on 2024-09-30T05:17:38Z by "mach5one" with MS VC++ 17.6 (VS2022)

END.
